<?xml version="1.0" encoding="UTF-8"?>
<!-- Generated by org.testng.reporters.JUnitReportReporter -->
<testsuite skipped="0" hostname="SC-201812221550" name="NewTest" tests="1" failures="0" timestamp="06 三月 2019 10:47:44 GMT" time="11.396" errors="0">
  <testcase name="f" time="11.396" classname="NewTest"/>
</testsuite> <!-- NewTest -->
